=== AI AGENT EXECUTION LOG ===

Timestamp: 2025-01-01 00:00:00 UTC
Log Version: 1.0

=== EXECUTION STATUS ===
Year: 2025
Annual Code Output: A1
Result Saved as: theResult

=== SOCIAL MEDIA STATUS ===
Posted to X/Twitter (@aletterayear): Success
BIO Updated with Token Address: Success

=== BLOCKCHAIN STATUS ===
Blockchain Selected: Solana
Token Name: A1
Token Launch: Success
Token Address: 6EFpi8Ygq4kE51NN1i9qijSRqXgpiiWXNSN9KPmMpump

=== TOKEN MONITORING ===
Initial Supply Owned: 10%
Current Supply Owned: 0%
Profit/Loss: +2.1031 SOL
Community Takeover (CTO): Enabled

=== WORKFLOW REVIEW ===
Codebase Updated: No
Workflow Optimization: No Changes Needed

=== FINAL STATUS ===
Operation Outcome: Success
Loop Continuation: Active

============================
